#! /c/Source/iverilog-install/bin/vvp
:ivl_version "12.0 (devel)" "(s20150603-1539-g2693dd32b)";
:ivl_delay_selection "TYPICAL";
:vpi_time_precision - 11;
:vpi_module "C:\iverilog\lib\ivl\system.vpi";
:vpi_module "C:\iverilog\lib\ivl\vhdl_sys.vpi";
:vpi_module "C:\iverilog\lib\ivl\vhdl_textio.vpi";
:vpi_module "C:\iverilog\lib\ivl\v2005_math.vpi";
:vpi_module "C:\iverilog\lib\ivl\va_math.vpi";
:vpi_module "C:\iverilog\lib\ivl\v2009.vpi";
S_000002abe1b73e20 .scope package, "$unit" "$unit" 2 1;
 .timescale 0 0;
S_000002abe1b21a80 .scope module, "calcu_tb" "calcu_tb" 3 3;
 .timescale -9 -11;
v000002abe1bcb260_0 .var "clk", 0 0;
v000002abe1bcb620_0 .var "col", 3 0;
v000002abe1bcb080_0 .var/2s "errores", 31 0;
v000002abe1bcaa40_0 .var "expected_sum", 4 0;
v000002abe1bcb120_0 .net "lit_digit", 3 0, v000002abe1bc85d0_0;  1 drivers
v000002abe1bcaf40_0 .net "lit_segs", 6 0, v000002abe1bc8670_0;  1 drivers
v000002abe1bcb6c0_0 .var/2s "pruebas_totales", 31 0;
v000002abe1bcb580_0 .var "reset", 0 0;
v000002abe1bca680_0 .net "row", 3 0, v000002abe1bc8530_0;  1 drivers
v000002abe1bcb1c0_0 .var/2s "sim_press", 31 0;
v000002abe1bcb300_0 .var/2s "target_col", 31 0;
v000002abe1bcbc60_0 .var/2s "target_row", 31 0;
E_000002abe1b5f320 .event anyedge, v000002abe1bcb1c0_0, v000002abe1bcbc60_0, v000002abe1bc8530_0, v000002abe1bcb300_0;
S_000002abe1b21c10 .scope begin, "$ivl_for_loop0" "$ivl_for_loop0" 3 95, 3 95 0, S_000002abe1b21a80;
 .timescale -9 -11;
v000002abe1b6ada0_0 .var/2s "r1", 31 0;
S_000002abe1b359d0 .scope begin, "$ivl_for_loop1" "$ivl_for_loop1" 3 96, 3 96 0, S_000002abe1b21c10;
 .timescale -9 -11;
v000002abe1b6b020_0 .var/2s "c1", 31 0;
S_000002abe1b35b60 .scope begin, "$ivl_for_loop2" "$ivl_for_loop2" 3 97, 3 97 0, S_000002abe1b359d0;
 .timescale -9 -11;
v000002abe1b6ad00_0 .var/2s "r2", 31 0;
S_000002abe1b41f70 .scope begin, "$ivl_for_loop3" "$ivl_for_loop3" 3 98, 3 98 0, S_000002abe1b35b60;
 .timescale -9 -11;
v000002abe1b6b160_0 .var/2s "c2", 31 0;
S_000002abe1b42100 .scope function.vec4.s4, "get_hex" "get_hex" 3 58, 3 58 0, S_000002abe1b21a80;
 .timescale -9 -11;
v000002abe1b6b3e0_0 .var/2s "c", 31 0;
; Variable get_hex is vec4 return value of scope S_000002abe1b42100
v000002abe1b6ab20_0 .var/2s "r", 31 0;
TD_calcu_tb.get_hex ;
    %load/vec4 v000002abe1b6ab20_0;
    %parti/s 2, 0, 2;
    %load/vec4 v000002abe1b6b3e0_0;
    %parti/s 2, 0, 2;
    %concat/vec4; draw_concat_vec4
    %dup/vec4;
    %pushi/vec4 0, 0, 4;
    %cmp/u;
    %jmp/1 T_0.0, 6;
    %dup/vec4;
    %pushi/vec4 1, 0, 4;
    %cmp/u;
    %jmp/1 T_0.1, 6;
    %dup/vec4;
    %pushi/vec4 2, 0, 4;
    %cmp/u;
    %jmp/1 T_0.2, 6;
    %dup/vec4;
    %pushi/vec4 3, 0, 4;
    %cmp/u;
    %jmp/1 T_0.3, 6;
    %dup/vec4;
    %pushi/vec4 4, 0, 4;
    %cmp/u;
    %jmp/1 T_0.4, 6;
    %dup/vec4;
    %pushi/vec4 5, 0, 4;
    %cmp/u;
    %jmp/1 T_0.5, 6;
    %dup/vec4;
    %pushi/vec4 6, 0, 4;
    %cmp/u;
    %jmp/1 T_0.6, 6;
    %dup/vec4;
    %pushi/vec4 7, 0, 4;
    %cmp/u;
    %jmp/1 T_0.7, 6;
    %dup/vec4;
    %pushi/vec4 8, 0, 4;
    %cmp/u;
    %jmp/1 T_0.8, 6;
    %dup/vec4;
    %pushi/vec4 9, 0, 4;
    %cmp/u;
    %jmp/1 T_0.9, 6;
    %dup/vec4;
    %pushi/vec4 10, 0, 4;
    %cmp/u;
    %jmp/1 T_0.10, 6;
    %dup/vec4;
    %pushi/vec4 11, 0, 4;
    %cmp/u;
    %jmp/1 T_0.11, 6;
    %dup/vec4;
    %pushi/vec4 12, 0, 4;
    %cmp/u;
    %jmp/1 T_0.12, 6;
    %dup/vec4;
    %pushi/vec4 13, 0, 4;
    %cmp/u;
    %jmp/1 T_0.13, 6;
    %dup/vec4;
    %pushi/vec4 14, 0, 4;
    %cmp/u;
    %jmp/1 T_0.14, 6;
    %dup/vec4;
    %pushi/vec4 15, 0, 4;
    %cmp/u;
    %jmp/1 T_0.15, 6;
    %pushi/vec4 0, 0, 4;
    %ret/vec4 0, 0, 4;  Assign to get_hex (store_vec4_to_lval)
    %disable/flow S_000002abe1b42100;
    %jmp T_0.17;
T_0.0 ;
    %pushi/vec4 1, 0, 4;
    %ret/vec4 0, 0, 4;  Assign to get_hex (store_vec4_to_lval)
    %disable/flow S_000002abe1b42100;
    %jmp T_0.17;
T_0.1 ;
    %pushi/vec4 2, 0, 4;
    %ret/vec4 0, 0, 4;  Assign to get_hex (store_vec4_to_lval)
    %disable/flow S_000002abe1b42100;
    %jmp T_0.17;
T_0.2 ;
    %pushi/vec4 3, 0, 4;
    %ret/vec4 0, 0, 4;  Assign to get_hex (store_vec4_to_lval)
    %disable/flow S_000002abe1b42100;
    %jmp T_0.17;
T_0.3 ;
    %pushi/vec4 10, 0, 4;
    %ret/vec4 0, 0, 4;  Assign to get_hex (store_vec4_to_lval)
    %disable/flow S_000002abe1b42100;
    %jmp T_0.17;
T_0.4 ;
    %pushi/vec4 4, 0, 4;
    %ret/vec4 0, 0, 4;  Assign to get_hex (store_vec4_to_lval)
    %disable/flow S_000002abe1b42100;
    %jmp T_0.17;
T_0.5 ;
    %pushi/vec4 5, 0, 4;
    %ret/vec4 0, 0, 4;  Assign to get_hex (store_vec4_to_lval)
    %disable/flow S_000002abe1b42100;
    %jmp T_0.17;
T_0.6 ;
    %pushi/vec4 6, 0, 4;
    %ret/vec4 0, 0, 4;  Assign to get_hex (store_vec4_to_lval)
    %disable/flow S_000002abe1b42100;
    %jmp T_0.17;
T_0.7 ;
    %pushi/vec4 11, 0, 4;
    %ret/vec4 0, 0, 4;  Assign to get_hex (store_vec4_to_lval)
    %disable/flow S_000002abe1b42100;
    %jmp T_0.17;
T_0.8 ;
    %pushi/vec4 7, 0, 4;
    %ret/vec4 0, 0, 4;  Assign to get_hex (store_vec4_to_lval)
    %disable/flow S_000002abe1b42100;
    %jmp T_0.17;
T_0.9 ;
    %pushi/vec4 8, 0, 4;
    %ret/vec4 0, 0, 4;  Assign to get_hex (store_vec4_to_lval)
    %disable/flow S_000002abe1b42100;
    %jmp T_0.17;
T_0.10 ;
    %pushi/vec4 9, 0, 4;
    %ret/vec4 0, 0, 4;  Assign to get_hex (store_vec4_to_lval)
    %disable/flow S_000002abe1b42100;
    %jmp T_0.17;
T_0.11 ;
    %pushi/vec4 12, 0, 4;
    %ret/vec4 0, 0, 4;  Assign to get_hex (store_vec4_to_lval)
    %disable/flow S_000002abe1b42100;
    %jmp T_0.17;
T_0.12 ;
    %pushi/vec4 14, 0, 4;
    %ret/vec4 0, 0, 4;  Assign to get_hex (store_vec4_to_lval)
    %disable/flow S_000002abe1b42100;
    %jmp T_0.17;
T_0.13 ;
    %pushi/vec4 0, 0, 4;
    %ret/vec4 0, 0, 4;  Assign to get_hex (store_vec4_to_lval)
    %disable/flow S_000002abe1b42100;
    %jmp T_0.17;
T_0.14 ;
    %pushi/vec4 15, 0, 4;
    %ret/vec4 0, 0, 4;  Assign to get_hex (store_vec4_to_lval)
    %disable/flow S_000002abe1b42100;
    %jmp T_0.17;
T_0.15 ;
    %pushi/vec4 13, 0, 4;
    %ret/vec4 0, 0, 4;  Assign to get_hex (store_vec4_to_lval)
    %disable/flow S_000002abe1b42100;
    %jmp T_0.17;
T_0.17 ;
    %pop/vec4 1;
    %end;
S_000002abe1ac6bf0 .scope task, "press_key" "press_key" 3 47, 3 47 0, S_000002abe1b21a80;
 .timescale -9 -11;
v000002abe1b6b5c0_0 .var/2s "c", 31 0;
v000002abe1b6aee0_0 .var/2s "r", 31 0;
TD_calcu_tb.press_key ;
    %load/vec4 v000002abe1b6aee0_0;
    %store/vec4 v000002abe1bcbc60_0, 0, 32;
    %load/vec4 v000002abe1b6b5c0_0;
    %store/vec4 v000002abe1bcb300_0, 0, 32;
    %pushi/vec4 1, 0, 32;
    %store/vec4 v000002abe1bcb1c0_0, 0, 32;
    %delay 5000000, 0;
    %pushi/vec4 0, 0, 32;
    %store/vec4 v000002abe1bcb1c0_0, 0, 32;
    %delay 5000000, 0;
    %end;
S_000002abe1ac6d80 .scope module, "uut" "top" 3 13, 4 1 0, S_000002abe1b21a80;
 .timescale 0 0;
    .port_info 0 /INPUT 1 "clk";
    .port_info 1 /INPUT 1 "reset";
    .port_info 2 /OUTPUT 4 "row";
    .port_info 3 /INPUT 4 "col";
    .port_info 4 /OUTPUT 4 "lit_digit";
    .port_info 5 /OUTPUT 7 "lit_segs";
enum000002abe1ac8fc0 .enum4 (2)
   "IDLE" 2'b00,
   "WAIT_B" 2'b01,
   "RESULT" 2'b10
 ;
L_000002abe1b71fe0 .functor AND 1, v000002abe1bc9f70_0, L_000002abe1bcc160, C4<1>, C4<1>;
L_000002abe1b71db0 .functor NOT 1, v000002abe1bcb580_0, C4<0>, C4<0>, C4<0>;
v000002abe1bc8cb0_0 .net *"_ivl_1", 0 0, L_000002abe1bcc160;  1 drivers
v000002abe1bc8a30_0 .net *"_ivl_10", 4 0, L_000002abe1bcae00;  1 drivers
L_000002abe1bd8300 .functor BUFT 1, C4<0>, C4<0>, C4<0>, C4<0>;
v000002abe1bc8710_0 .net *"_ivl_13", 0 0, L_000002abe1bd8300;  1 drivers
v000002abe1bc8990_0 .net *"_ivl_6", 4 0, L_000002abe1bcba80;  1 drivers
L_000002abe1bd82b8 .functor BUFT 1, C4<0>, C4<0>, C4<0>, C4<0>;
v000002abe1bc9570_0 .net *"_ivl_9", 0 0, L_000002abe1bd82b8;  1 drivers
v000002abe1bca010_0 .net "clk", 0 0, v000002abe1bcb260_0;  1 drivers
v000002abe1bc8d50_0 .net "col", 3 0, v000002abe1bcb620_0;  1 drivers
v000002abe1bc9cf0_0 .var "d0", 3 0;
v000002abe1bc8df0_0 .var "d1", 3 0;
v000002abe1bca150_0 .var "d2", 3 0;
v000002abe1bc9e30_0 .var "d3", 3 0;
v000002abe1bc8e90_0 .net "key_val", 3 0, v000002abe1bc8c10_0;  1 drivers
v000002abe1bc91b0_0 .net "key_valid", 0 0, v000002abe1bc9f70_0;  1 drivers
v000002abe1bc9d90_0 .net "lit_digit", 3 0, v000002abe1bc85d0_0;  alias, 1 drivers
v000002abe1bc9250_0 .net "lit_segs", 6 0, v000002abe1bc8670_0;  alias, 1 drivers
v000002abe1bc9390_0 .var "next_state", 1 0;
v000002abe1bc96b0_0 .var "prev_valid", 0 0;
v000002abe1bc9ed0_0 .var "reg_A", 3 0;
v000002abe1bc9750_0 .var "reg_B", 3 0;
v000002abe1bc9930_0 .net "reset", 0 0, v000002abe1bcb580_0;  1 drivers
v000002abe1bc99d0_0 .net "row", 3 0, v000002abe1bc8530_0;  alias, 1 drivers
v000002abe1bc9b10_0 .var "state", 1 0;
v000002abe1bc9bb0_0 .net "suma", 4 0, L_000002abe1bcbd00;  1 drivers
v000002abe1bcb8a0_0 .net "valid_pulse", 0 0, L_000002abe1b71fe0;  1 drivers
E_000002abe1b5f720 .event anyedge, v000002abe1bc9b10_0, v000002abe1bc9ed0_0, v000002abe1bc9bb0_0, v000002abe1bc9750_0;
E_000002abe1b5eb20 .event anyedge, v000002abe1bc9b10_0, v000002abe1bcb8a0_0;
E_000002abe1b5f920/0 .event negedge, v000002abe1bca0b0_0;
E_000002abe1b5f920/1 .event posedge, v000002abe1b6b980_0;
E_000002abe1b5f920 .event/or E_000002abe1b5f920/0, E_000002abe1b5f920/1;
L_000002abe1bcc160 .reduce/nor v000002abe1bc96b0_0;
L_000002abe1bcba80 .concat [ 4 1 0 0], v000002abe1bc9ed0_0, L_000002abe1bd82b8;
L_000002abe1bcae00 .concat [ 4 1 0 0], v000002abe1bc9750_0, L_000002abe1bd8300;
L_000002abe1bcbd00 .arith/sum 5, L_000002abe1bcba80, L_000002abe1bcae00;
S_000002abe1bc8170 .scope module, "inst_display" "display" 4 105, 5 1 0, S_000002abe1ac6d80;
 .timescale 0 0;
    .port_info 0 /INPUT 1 "clk";
    .port_info 1 /INPUT 1 "reset";
    .port_info 2 /INPUT 4 "disp0";
    .port_info 3 /INPUT 4 "disp1";
    .port_info 4 /INPUT 4 "disp2";
    .port_info 5 /INPUT 4 "disp3";
    .port_info 6 /OUTPUT 4 "lit_digit";
    .port_info 7 /OUTPUT 7 "lit_segs";
L_000002abe1b71d40 .functor NOT 1, v000002abe1bcb580_0, C4<0>, C4<0>, C4<0>;
v000002abe1b6ae40_0 .net *"_ivl_2", 31 0, L_000002abe1bca4a0;  1 drivers
L_000002abe1bd8348 .functor BUFT 1, C4<000000000000000000>, C4<0>, C4<0>, C4<0>;
v000002abe1b6b340_0 .net *"_ivl_5", 17 0, L_000002abe1bd8348;  1 drivers
L_000002abe1bd8390 .functor BUFT 1, C4<00000000000000000000000000000000>, C4<0>, C4<0>, C4<0>;
v000002abe1b6b7a0_0 .net/2u *"_ivl_6", 31 0, L_000002abe1bd8390;  1 drivers
v000002abe1b6b980_0 .net "clk", 0 0, v000002abe1bcb260_0;  alias, 1 drivers
v000002abe1b6b480_0 .var "current_hex_val", 3 0;
v000002abe1b6ba20_0 .var "cycled_digit", 1 0;
v000002abe1bc8ad0_0 .net "disp0", 3 0, v000002abe1bc9cf0_0;  1 drivers
v000002abe1bc83f0_0 .net "disp1", 3 0, v000002abe1bc8df0_0;  1 drivers
v000002abe1bc9890_0 .net "disp2", 3 0, v000002abe1bca150_0;  1 drivers
v000002abe1bc9070_0 .net "disp3", 3 0, v000002abe1bc9e30_0;  1 drivers
v000002abe1bc85d0_0 .var "lit_digit", 3 0;
v000002abe1bc8670_0 .var "lit_segs", 6 0;
v000002abe1bca0b0_0 .net "reset", 0 0, v000002abe1bcb580_0;  alias, 1 drivers
v000002abe1bc8f30_0 .net "rst", 0 0, L_000002abe1b71d40;  1 drivers
v000002abe1bc8b70_0 .var "scan_cnt", 13 0;
v000002abe1bc92f0_0 .net "scan_tick", 0 0, L_000002abe1bcac20;  1 drivers
E_000002abe1b608a0 .event anyedge, v000002abe1b6b480_0;
E_000002abe1b61060/0 .event anyedge, v000002abe1b6ba20_0, v000002abe1bc8ad0_0, v000002abe1bc83f0_0, v000002abe1bc9890_0;
E_000002abe1b61060/1 .event anyedge, v000002abe1bc9070_0;
E_000002abe1b61060 .event/or E_000002abe1b61060/0, E_000002abe1b61060/1;
E_000002abe1b616e0 .event posedge, v000002abe1bc8f30_0, v000002abe1b6b980_0;
L_000002abe1bca4a0 .concat [ 14 18 0 0], v000002abe1bc8b70_0, L_000002abe1bd8348;
L_000002abe1bcac20 .cmp/eq 32, L_000002abe1bca4a0, L_000002abe1bd8390;
S_000002abe1bd8090 .scope module, "inst_teclado" "teclado" 4 32, 6 1 0, S_000002abe1ac6d80;
 .timescale 0 0;
    .port_info 0 /INPUT 1 "clk";
    .port_info 1 /INPUT 1 "rst";
    .port_info 2 /OUTPUT 4 "row";
    .port_info 3 /INPUT 4 "col";
    .port_info 4 /OUTPUT 4 "key";
    .port_info 5 /OUTPUT 1 "valid";
P_000002abe1b59750 .param/l "DEBOUNCE" 1 6 37, C4<01>;
P_000002abe1b59788 .param/l "DEBOUNCE_TIME" 0 6 16, +C4<00000000000000000000000000000010>;
P_000002abe1b597c0 .param/l "IDLE" 1 6 36, C4<00>;
P_000002abe1b597f8 .param/l "PRESSED" 1 6 38, C4<10>;
P_000002abe1b59830 .param/l "SCAN_DIV" 0 6 15, +C4<00000000000000000000000000001111>;
v000002abe1bc87b0_0 .net *"_ivl_0", 31 0, L_000002abe1bcb760;  1 drivers
L_000002abe1bd8228 .functor BUFT 1, C4<0000000000000000>, C4<0>, C4<0>, C4<0>;
v000002abe1bc9c50_0 .net *"_ivl_3", 15 0, L_000002abe1bd8228;  1 drivers
L_000002abe1bd8270 .functor BUFT 1, C4<00000000000000000000000000001111>, C4<0>, C4<0>, C4<0>;
v000002abe1bc8350_0 .net/2u *"_ivl_4", 31 0, L_000002abe1bd8270;  1 drivers
v000002abe1bc9110_0 .net "clk", 0 0, v000002abe1bcb260_0;  alias, 1 drivers
v000002abe1bc9a70_0 .net "col", 3 0, v000002abe1bcb620_0;  alias, 1 drivers
v000002abe1bc8fd0_0 .var "debounce_cnt", 31 0;
v000002abe1bc8c10_0 .var "key", 3 0;
v000002abe1bca1f0_0 .var "raw_key", 3 0;
v000002abe1bc8490_0 .var "raw_pressed", 0 0;
v000002abe1bc8530_0 .var "row", 3 0;
v000002abe1bc8850_0 .net "rst", 0 0, L_000002abe1b71db0;  1 drivers
v000002abe1bc9430_0 .var "scan_cnt", 15 0;
v000002abe1bc9610_0 .net "scan_tick", 0 0, L_000002abe1bcaae0;  1 drivers
v000002abe1bc94d0_0 .var "scanned_row", 1 0;
v000002abe1bc97f0_0 .var "stable_key", 3 0;
v000002abe1bc88f0_0 .var "state", 1 0;
v000002abe1bc9f70_0 .var "valid", 0 0;
E_000002abe1b61260 .event posedge, v000002abe1bc8850_0, v000002abe1b6b980_0;
E_000002abe1b60ca0 .event anyedge, v000002abe1bc94d0_0;
E_000002abe1b61520 .event anyedge, v000002abe1bc94d0_0, v000002abe1bc9a70_0;
L_000002abe1bcb760 .concat [ 16 16 0 0], v000002abe1bc9430_0, L_000002abe1bd8228;
L_000002abe1bcaae0 .cmp/ge 32, L_000002abe1bcb760, L_000002abe1bd8270;
    .scope S_000002abe1bd8090;
T_2 ;
    %wait E_000002abe1b61260;
    %load/vec4 v000002abe1bc8850_0;
    %flag_set/vec4 8;
    %jmp/0xz  T_2.0, 8;
    %pushi/vec4 0, 0, 16;
    %assign/vec4 v000002abe1bc9430_0, 0;
    %jmp T_2.1;
T_2.0 ;
    %load/vec4 v000002abe1bc9610_0;
    %flag_set/vec4 8;
    %jmp/0xz  T_2.2, 8;
    %pushi/vec4 0, 0, 16;
    %assign/vec4 v000002abe1bc9430_0, 0;
    %jmp T_2.3;
T_2.2 ;
    %load/vec4 v000002abe1bc9430_0;
    %addi 1, 0, 16;
    %assign/vec4 v000002abe1bc9430_0, 0;
T_2.3 ;
T_2.1 ;
    %jmp T_2;
    .thread T_2;
    .scope S_000002abe1bd8090;
T_3 ;
    %wait E_000002abe1b61520;
    %pushi/vec4 0, 0, 1;
    %store/vec4 v000002abe1bc8490_0, 0, 1;
    %pushi/vec4 0, 0, 4;
    %store/vec4 v000002abe1bca1f0_0, 0, 4;
    %load/vec4 v000002abe1bc94d0_0;
    %dup/vec4;
    %pushi/vec4 0, 0, 2;
    %cmp/u;
    %jmp/1 T_3.0, 6;
    %dup/vec4;
    %pushi/vec4 1, 0, 2;
    %cmp/u;
    %jmp/1 T_3.1, 6;
    %dup/vec4;
    %pushi/vec4 2, 0, 2;
    %cmp/u;
    %jmp/1 T_3.2, 6;
    %dup/vec4;
    %pushi/vec4 3, 0, 2;
    %cmp/u;
    %jmp/1 T_3.3, 6;
    %jmp T_3.4;
T_3.0 ;
    %load/vec4 v000002abe1bc9a70_0;
    %cmpi/ne 0, 0, 4;
    %jmp/0xz  T_3.5, 4;
    %pushi/vec4 1, 0, 1;
    %store/vec4 v000002abe1bc8490_0, 0, 1;
    %load/vec4 v000002abe1bc9a70_0;
    %dup/vec4;
    %pushi/vec4 1, 0, 4;
    %cmp/u;
    %jmp/1 T_3.7, 6;
    %dup/vec4;
    %pushi/vec4 2, 0, 4;
    %cmp/u;
    %jmp/1 T_3.8, 6;
    %dup/vec4;
    %pushi/vec4 4, 0, 4;
    %cmp/u;
    %jmp/1 T_3.9, 6;
    %dup/vec4;
    %pushi/vec4 8, 0, 4;
    %cmp/u;
    %jmp/1 T_3.10, 6;
    %jmp T_3.11;
T_3.7 ;
    %pushi/vec4 1, 0, 4;
    %store/vec4 v000002abe1bca1f0_0, 0, 4;
    %jmp T_3.11;
T_3.8 ;
    %pushi/vec4 2, 0, 4;
    %store/vec4 v000002abe1bca1f0_0, 0, 4;
    %jmp T_3.11;
T_3.9 ;
    %pushi/vec4 3, 0, 4;
    %store/vec4 v000002abe1bca1f0_0, 0, 4;
    %jmp T_3.11;
T_3.10 ;
    %pushi/vec4 10, 0, 4;
    %store/vec4 v000002abe1bca1f0_0, 0, 4;
    %jmp T_3.11;
T_3.11 ;
    %pop/vec4 1;
T_3.5 ;
    %jmp T_3.4;
T_3.1 ;
    %load/vec4 v000002abe1bc9a70_0;
    %cmpi/ne 0, 0, 4;
    %jmp/0xz  T_3.12, 4;
    %pushi/vec4 1, 0, 1;
    %store/vec4 v000002abe1bc8490_0, 0, 1;
    %load/vec4 v000002abe1bc9a70_0;
    %dup/vec4;
    %pushi/vec4 1, 0, 4;
    %cmp/u;
    %jmp/1 T_3.14, 6;
    %dup/vec4;
    %pushi/vec4 2, 0, 4;
    %cmp/u;
    %jmp/1 T_3.15, 6;
    %dup/vec4;
    %pushi/vec4 4, 0, 4;
    %cmp/u;
    %jmp/1 T_3.16, 6;
    %dup/vec4;
    %pushi/vec4 8, 0, 4;
    %cmp/u;
    %jmp/1 T_3.17, 6;
    %jmp T_3.18;
T_3.14 ;
    %pushi/vec4 4, 0, 4;
    %store/vec4 v000002abe1bca1f0_0, 0, 4;
    %jmp T_3.18;
T_3.15 ;
    %pushi/vec4 5, 0, 4;
    %store/vec4 v000002abe1bca1f0_0, 0, 4;
    %jmp T_3.18;
T_3.16 ;
    %pushi/vec4 6, 0, 4;
    %store/vec4 v000002abe1bca1f0_0, 0, 4;
    %jmp T_3.18;
T_3.17 ;
    %pushi/vec4 11, 0, 4;
    %store/vec4 v000002abe1bca1f0_0, 0, 4;
    %jmp T_3.18;
T_3.18 ;
    %pop/vec4 1;
T_3.12 ;
    %jmp T_3.4;
T_3.2 ;
    %load/vec4 v000002abe1bc9a70_0;
    %cmpi/ne 0, 0, 4;
    %jmp/0xz  T_3.19, 4;
    %pushi/vec4 1, 0, 1;
    %store/vec4 v000002abe1bc8490_0, 0, 1;
    %load/vec4 v000002abe1bc9a70_0;
    %dup/vec4;
    %pushi/vec4 1, 0, 4;
    %cmp/u;
    %jmp/1 T_3.21, 6;
    %dup/vec4;
    %pushi/vec4 2, 0, 4;
    %cmp/u;
    %jmp/1 T_3.22, 6;
    %dup/vec4;
    %pushi/vec4 4, 0, 4;
    %cmp/u;
    %jmp/1 T_3.23, 6;
    %dup/vec4;
    %pushi/vec4 8, 0, 4;
    %cmp/u;
    %jmp/1 T_3.24, 6;
    %jmp T_3.25;
T_3.21 ;
    %pushi/vec4 7, 0, 4;
    %store/vec4 v000002abe1bca1f0_0, 0, 4;
    %jmp T_3.25;
T_3.22 ;
    %pushi/vec4 8, 0, 4;
    %store/vec4 v000002abe1bca1f0_0, 0, 4;
    %jmp T_3.25;
T_3.23 ;
    %pushi/vec4 9, 0, 4;
    %store/vec4 v000002abe1bca1f0_0, 0, 4;
    %jmp T_3.25;
T_3.24 ;
    %pushi/vec4 12, 0, 4;
    %store/vec4 v000002abe1bca1f0_0, 0, 4;
    %jmp T_3.25;
T_3.25 ;
    %pop/vec4 1;
T_3.19 ;
    %jmp T_3.4;
T_3.3 ;
    %load/vec4 v000002abe1bc9a70_0;
    %cmpi/ne 0, 0, 4;
    %jmp/0xz  T_3.26, 4;
    %pushi/vec4 1, 0, 1;
    %store/vec4 v000002abe1bc8490_0, 0, 1;
    %load/vec4 v000002abe1bc9a70_0;
    %dup/vec4;
    %pushi/vec4 1, 0, 4;
    %cmp/u;
    %jmp/1 T_3.28, 6;
    %dup/vec4;
    %pushi/vec4 2, 0, 4;
    %cmp/u;
    %jmp/1 T_3.29, 6;
    %dup/vec4;
    %pushi/vec4 4, 0, 4;
    %cmp/u;
    %jmp/1 T_3.30, 6;
    %dup/vec4;
    %pushi/vec4 8, 0, 4;
    %cmp/u;
    %jmp/1 T_3.31, 6;
    %jmp T_3.32;
T_3.28 ;
    %pushi/vec4 14, 0, 4;
    %store/vec4 v000002abe1bca1f0_0, 0, 4;
    %jmp T_3.32;
T_3.29 ;
    %pushi/vec4 0, 0, 4;
    %store/vec4 v000002abe1bca1f0_0, 0, 4;
    %jmp T_3.32;
T_3.30 ;
    %pushi/vec4 15, 0, 4;
    %store/vec4 v000002abe1bca1f0_0, 0, 4;
    %jmp T_3.32;
T_3.31 ;
    %pushi/vec4 13, 0, 4;
    %store/vec4 v000002abe1bca1f0_0, 0, 4;
    %jmp T_3.32;
T_3.32 ;
    %pop/vec4 1;
T_3.26 ;
    %jmp T_3.4;
T_3.4 ;
    %pop/vec4 1;
    %jmp T_3;
    .thread T_3, $push;
    .scope S_000002abe1bd8090;
T_4 ;
    %wait E_000002abe1b61260;
    %load/vec4 v000002abe1bc8850_0;
    %flag_set/vec4 8;
    %jmp/0xz  T_4.0, 8;
    %pushi/vec4 0, 0, 2;
    %assign/vec4 v000002abe1bc94d0_0, 0;
    %jmp T_4.1;
T_4.0 ;
    %load/vec4 v000002abe1bc9610_0;
    %flag_set/vec4 8;
    %jmp/0xz  T_4.2, 8;
    %load/vec4 v000002abe1bc88f0_0;
    %cmpi/e 0, 0, 2;
    %flag_get/vec4 4;
    %jmp/0 T_4.6, 4;
    %load/vec4 v000002abe1bc8490_0;
    %pushi/vec4 0, 0, 1;
    %cmp/e;
    %flag_get/vec4 4;
    %and;
T_4.6;
    %flag_set/vec4 8;
    %jmp/0xz  T_4.4, 8;
    %load/vec4 v000002abe1bc94d0_0;
    %addi 1, 0, 2;
    %assign/vec4 v000002abe1bc94d0_0, 0;
T_4.4 ;
T_4.2 ;
T_4.1 ;
    %jmp T_4;
    .thread T_4;
    .scope S_000002abe1bd8090;
T_5 ;
    %wait E_000002abe1b60ca0;
    %load/vec4 v000002abe1bc94d0_0;
    %dup/vec4;
    %pushi/vec4 0, 0, 2;
    %cmp/u;
    %jmp/1 T_5.0, 6;
    %dup/vec4;
    %pushi/vec4 1, 0, 2;
    %cmp/u;
    %jmp/1 T_5.1, 6;
    %dup/vec4;
    %pushi/vec4 2, 0, 2;
    %cmp/u;
    %jmp/1 T_5.2, 6;
    %dup/vec4;
    %pushi/vec4 3, 0, 2;
    %cmp/u;
    %jmp/1 T_5.3, 6;
    %pushi/vec4 0, 0, 4;
    %store/vec4 v000002abe1bc8530_0, 0, 4;
    %jmp T_5.5;
T_5.0 ;
    %pushi/vec4 1, 0, 4;
    %store/vec4 v000002abe1bc8530_0, 0, 4;
    %jmp T_5.5;
T_5.1 ;
    %pushi/vec4 2, 0, 4;
    %store/vec4 v000002abe1bc8530_0, 0, 4;
    %jmp T_5.5;
T_5.2 ;
    %pushi/vec4 4, 0, 4;
    %store/vec4 v000002abe1bc8530_0, 0, 4;
    %jmp T_5.5;
T_5.3 ;
    %pushi/vec4 8, 0, 4;
    %store/vec4 v000002abe1bc8530_0, 0, 4;
    %jmp T_5.5;
T_5.5 ;
    %pop/vec4 1;
    %jmp T_5;
    .thread T_5, $push;
    .scope S_000002abe1bd8090;
T_6 ;
    %wait E_000002abe1b61260;
    %load/vec4 v000002abe1bc8850_0;
    %flag_set/vec4 8;
    %jmp/0xz  T_6.0, 8;
    %pushi/vec4 0, 0, 2;
    %assign/vec4 v000002abe1bc88f0_0, 0;
    %pushi/vec4 0, 0, 32;
    %assign/vec4 v000002abe1bc8fd0_0, 0;
    %pushi/vec4 0, 0, 1;
    %assign/vec4 v000002abe1bc9f70_0, 0;
    %pushi/vec4 0, 0, 4;
    %assign/vec4 v000002abe1bc8c10_0, 0;
    %jmp T_6.1;
T_6.0 ;
    %pushi/vec4 0, 0, 1;
    %assign/vec4 v000002abe1bc9f70_0, 0;
    %load/vec4 v000002abe1bc88f0_0;
    %dup/vec4;
    %pushi/vec4 0, 0, 2;
    %cmp/u;
    %jmp/1 T_6.2, 6;
    %dup/vec4;
    %pushi/vec4 1, 0, 2;
    %cmp/u;
    %jmp/1 T_6.3, 6;
    %dup/vec4;
    %pushi/vec4 2, 0, 2;
    %cmp/u;
    %jmp/1 T_6.4, 6;
    %jmp T_6.5;
T_6.2 ;
    %load/vec4 v000002abe1bc8490_0;
    %flag_set/vec4 8;
    %jmp/0xz  T_6.6, 8;
    %load/vec4 v000002abe1bca1f0_0;
    %assign/vec4 v000002abe1bc97f0_0, 0;
    %pushi/vec4 0, 0, 32;
    %assign/vec4 v000002abe1bc8fd0_0, 0;
    %pushi/vec4 1, 0, 2;
    %assign/vec4 v000002abe1bc88f0_0, 0;
T_6.6 ;
    %jmp T_6.5;
T_6.3 ;
    %load/vec4 v000002abe1bc8490_0;
    %flag_set/vec4 9;
    %flag_get/vec4 9;
    %jmp/0 T_6.10, 9;
    %load/vec4 v000002abe1bca1f0_0;
    %load/vec4 v000002abe1bc97f0_0;
    %cmp/e;
    %flag_get/vec4 4;
    %and;
T_6.10;
    %flag_set/vec4 8;
    %jmp/0xz  T_6.8, 8;
    %load/vec4 v000002abe1bc8fd0_0;
    %cmpi/u 2, 0, 32;
    %flag_inv 5; GE is !LT
    %jmp/0xz  T_6.11, 5;
    %load/vec4 v000002abe1bc97f0_0;
    %assign/vec4 v000002abe1bc8c10_0, 0;
    %pushi/vec4 1, 0, 1;
    %assign/vec4 v000002abe1bc9f70_0, 0;
    %pushi/vec4 2, 0, 2;
    %assign/vec4 v000002abe1bc88f0_0, 0;
    %jmp T_6.12;
T_6.11 ;
    %load/vec4 v000002abe1bc8fd0_0;
    %addi 1, 0, 32;
    %assign/vec4 v000002abe1bc8fd0_0, 0;
T_6.12 ;
    %jmp T_6.9;
T_6.8 ;
    %pushi/vec4 0, 0, 2;
    %assign/vec4 v000002abe1bc88f0_0, 0;
T_6.9 ;
    %jmp T_6.5;
T_6.4 ;
    %load/vec4 v000002abe1bc8490_0;
    %nor/r;
    %flag_set/vec4 8;
    %jmp/0xz  T_6.13, 8;
    %pushi/vec4 0, 0, 32;
    %assign/vec4 v000002abe1bc8fd0_0, 0;
    %pushi/vec4 0, 0, 2;
    %assign/vec4 v000002abe1bc88f0_0, 0;
T_6.13 ;
    %jmp T_6.5;
T_6.5 ;
    %pop/vec4 1;
T_6.1 ;
    %jmp T_6;
    .thread T_6;
    .scope S_000002abe1bc8170;
T_7 ;
    %wait E_000002abe1b616e0;
    %load/vec4 v000002abe1bc8f30_0;
    %flag_set/vec4 8;
    %jmp/0xz  T_7.0, 8;
    %pushi/vec4 0, 0, 14;
    %assign/vec4 v000002abe1bc8b70_0, 0;
    %jmp T_7.1;
T_7.0 ;
    %load/vec4 v000002abe1bc8b70_0;
    %addi 1, 0, 14;
    %assign/vec4 v000002abe1bc8b70_0, 0;
T_7.1 ;
    %jmp T_7;
    .thread T_7;
    .scope S_000002abe1bc8170;
T_8 ;
    %wait E_000002abe1b616e0;
    %load/vec4 v000002abe1bc8f30_0;
    %flag_set/vec4 8;
    %jmp/0xz  T_8.0, 8;
    %pushi/vec4 0, 0, 2;
    %assign/vec4 v000002abe1b6ba20_0, 0;
    %pushi/vec4 0, 0, 4;
    %assign/vec4 v000002abe1bc85d0_0, 0;
    %jmp T_8.1;
T_8.0 ;
    %load/vec4 v000002abe1bc92f0_0;
    %flag_set/vec4 8;
    %jmp/0xz  T_8.2, 8;
    %load/vec4 v000002abe1b6ba20_0;
    %addi 1, 0, 2;
    %assign/vec4 v000002abe1b6ba20_0, 0;
    %load/vec4 v000002abe1b6ba20_0;
    %dup/vec4;
    %pushi/vec4 0, 0, 2;
    %cmp/u;
    %jmp/1 T_8.4, 6;
    %dup/vec4;
    %pushi/vec4 1, 0, 2;
    %cmp/u;
    %jmp/1 T_8.5, 6;
    %dup/vec4;
    %pushi/vec4 2, 0, 2;
    %cmp/u;
    %jmp/1 T_8.6, 6;
    %dup/vec4;
    %pushi/vec4 3, 0, 2;
    %cmp/u;
    %jmp/1 T_8.7, 6;
    %jmp T_8.8;
T_8.4 ;
    %pushi/vec4 1, 0, 4;
    %assign/vec4 v000002abe1bc85d0_0, 0;
    %jmp T_8.8;
T_8.5 ;
    %pushi/vec4 2, 0, 4;
    %assign/vec4 v000002abe1bc85d0_0, 0;
    %jmp T_8.8;
T_8.6 ;
    %pushi/vec4 4, 0, 4;
    %assign/vec4 v000002abe1bc85d0_0, 0;
    %jmp T_8.8;
T_8.7 ;
    %pushi/vec4 8, 0, 4;
    %assign/vec4 v000002abe1bc85d0_0, 0;
    %jmp T_8.8;
T_8.8 ;
    %pop/vec4 1;
T_8.2 ;
T_8.1 ;
    %jmp T_8;
    .thread T_8;
    .scope S_000002abe1bc8170;
T_9 ;
    %wait E_000002abe1b61060;
    %load/vec4 v000002abe1b6ba20_0;
    %dup/vec4;
    %pushi/vec4 0, 0, 2;
    %cmp/u;
    %jmp/1 T_9.0, 6;
    %dup/vec4;
    %pushi/vec4 1, 0, 2;
    %cmp/u;
    %jmp/1 T_9.1, 6;
    %dup/vec4;
    %pushi/vec4 2, 0, 2;
    %cmp/u;
    %jmp/1 T_9.2, 6;
    %dup/vec4;
    %pushi/vec4 3, 0, 2;
    %cmp/u;
    %jmp/1 T_9.3, 6;
    %pushi/vec4 0, 0, 4;
    %store/vec4 v000002abe1b6b480_0, 0, 4;
    %jmp T_9.5;
T_9.0 ;
    %load/vec4 v000002abe1bc8ad0_0;
    %store/vec4 v000002abe1b6b480_0, 0, 4;
    %jmp T_9.5;
T_9.1 ;
    %load/vec4 v000002abe1bc83f0_0;
    %store/vec4 v000002abe1b6b480_0, 0, 4;
    %jmp T_9.5;
T_9.2 ;
    %load/vec4 v000002abe1bc9890_0;
    %store/vec4 v000002abe1b6b480_0, 0, 4;
    %jmp T_9.5;
T_9.3 ;
    %load/vec4 v000002abe1bc9070_0;
    %store/vec4 v000002abe1b6b480_0, 0, 4;
    %jmp T_9.5;
T_9.5 ;
    %pop/vec4 1;
    %jmp T_9;
    .thread T_9, $push;
    .scope S_000002abe1bc8170;
T_10 ;
    %wait E_000002abe1b608a0;
    %load/vec4 v000002abe1b6b480_0;
    %dup/vec4;
    %pushi/vec4 0, 0, 4;
    %cmp/u;
    %jmp/1 T_10.0, 6;
    %dup/vec4;
    %pushi/vec4 1, 0, 4;
    %cmp/u;
    %jmp/1 T_10.1, 6;
    %dup/vec4;
    %pushi/vec4 2, 0, 4;
    %cmp/u;
    %jmp/1 T_10.2, 6;
    %dup/vec4;
    %pushi/vec4 3, 0, 4;
    %cmp/u;
    %jmp/1 T_10.3, 6;
    %dup/vec4;
    %pushi/vec4 4, 0, 4;
    %cmp/u;
    %jmp/1 T_10.4, 6;
    %dup/vec4;
    %pushi/vec4 5, 0, 4;
    %cmp/u;
    %jmp/1 T_10.5, 6;
    %dup/vec4;
    %pushi/vec4 6, 0, 4;
    %cmp/u;
    %jmp/1 T_10.6, 6;
    %dup/vec4;
    %pushi/vec4 7, 0, 4;
    %cmp/u;
    %jmp/1 T_10.7, 6;
    %dup/vec4;
    %pushi/vec4 8, 0, 4;
    %cmp/u;
    %jmp/1 T_10.8, 6;
    %dup/vec4;
    %pushi/vec4 9, 0, 4;
    %cmp/u;
    %jmp/1 T_10.9, 6;
    %dup/vec4;
    %pushi/vec4 10, 0, 4;
    %cmp/u;
    %jmp/1 T_10.10, 6;
    %dup/vec4;
    %pushi/vec4 11, 0, 4;
    %cmp/u;
    %jmp/1 T_10.11, 6;
    %dup/vec4;
    %pushi/vec4 12, 0, 4;
    %cmp/u;
    %jmp/1 T_10.12, 6;
    %dup/vec4;
    %pushi/vec4 13, 0, 4;
    %cmp/u;
    %jmp/1 T_10.13, 6;
    %dup/vec4;
    %pushi/vec4 14, 0, 4;
    %cmp/u;
    %jmp/1 T_10.14, 6;
    %dup/vec4;
    %pushi/vec4 15, 0, 4;
    %cmp/u;
    %jmp/1 T_10.15, 6;
    %pushi/vec4 127, 0, 7;
    %store/vec4 v000002abe1bc8670_0, 0, 7;
    %jmp T_10.17;
T_10.0 ;
    %pushi/vec4 64, 0, 7;
    %store/vec4 v000002abe1bc8670_0, 0, 7;
    %jmp T_10.17;
T_10.1 ;
    %pushi/vec4 121, 0, 7;
    %store/vec4 v000002abe1bc8670_0, 0, 7;
    %jmp T_10.17;
T_10.2 ;
    %pushi/vec4 36, 0, 7;
    %store/vec4 v000002abe1bc8670_0, 0, 7;
    %jmp T_10.17;
T_10.3 ;
    %pushi/vec4 48, 0, 7;
    %store/vec4 v000002abe1bc8670_0, 0, 7;
    %jmp T_10.17;
T_10.4 ;
    %pushi/vec4 25, 0, 7;
    %store/vec4 v000002abe1bc8670_0, 0, 7;
    %jmp T_10.17;
T_10.5 ;
    %pushi/vec4 18, 0, 7;
    %store/vec4 v000002abe1bc8670_0, 0, 7;
    %jmp T_10.17;
T_10.6 ;
    %pushi/vec4 2, 0, 7;
    %store/vec4 v000002abe1bc8670_0, 0, 7;
    %jmp T_10.17;
T_10.7 ;
    %pushi/vec4 120, 0, 7;
    %store/vec4 v000002abe1bc8670_0, 0, 7;
    %jmp T_10.17;
T_10.8 ;
    %pushi/vec4 0, 0, 7;
    %store/vec4 v000002abe1bc8670_0, 0, 7;
    %jmp T_10.17;
T_10.9 ;
    %pushi/vec4 16, 0, 7;
    %store/vec4 v000002abe1bc8670_0, 0, 7;
    %jmp T_10.17;
T_10.10 ;
    %pushi/vec4 8, 0, 7;
    %store/vec4 v000002abe1bc8670_0, 0, 7;
    %jmp T_10.17;
T_10.11 ;
    %pushi/vec4 3, 0, 7;
    %store/vec4 v000002abe1bc8670_0, 0, 7;
    %jmp T_10.17;
T_10.12 ;
    %pushi/vec4 70, 0, 7;
    %store/vec4 v000002abe1bc8670_0, 0, 7;
    %jmp T_10.17;
T_10.13 ;
    %pushi/vec4 33, 0, 7;
    %store/vec4 v000002abe1bc8670_0, 0, 7;
    %jmp T_10.17;
T_10.14 ;
    %pushi/vec4 6, 0, 7;
    %store/vec4 v000002abe1bc8670_0, 0, 7;
    %jmp T_10.17;
T_10.15 ;
    %pushi/vec4 14, 0, 7;
    %store/vec4 v000002abe1bc8670_0, 0, 7;
    %jmp T_10.17;
T_10.17 ;
    %pop/vec4 1;
    %jmp T_10;
    .thread T_10, $push;
    .scope S_000002abe1ac6d80;
T_11 ;
    %wait E_000002abe1b5f920;
    %load/vec4 v000002abe1bc9930_0;
    %nor/r;
    %flag_set/vec4 8;
    %jmp/0xz  T_11.0, 8;
    %pushi/vec4 0, 0, 1;
    %assign/vec4 v000002abe1bc96b0_0, 0;
    %jmp T_11.1;
T_11.0 ;
    %load/vec4 v000002abe1bc91b0_0;
    %assign/vec4 v000002abe1bc96b0_0, 0;
T_11.1 ;
    %jmp T_11;
    .thread T_11;
    .scope S_000002abe1ac6d80;
T_12 ;
    %wait E_000002abe1b5f920;
    %load/vec4 v000002abe1bc9930_0;
    %nor/r;
    %flag_set/vec4 8;
    %jmp/0xz  T_12.0, 8;
    %pushi/vec4 0, 0, 2;
    %assign/vec4 v000002abe1bc9b10_0, 0;
    %pushi/vec4 0, 0, 4;
    %assign/vec4 v000002abe1bc9ed0_0, 0;
    %pushi/vec4 0, 0, 4;
    %assign/vec4 v000002abe1bc9750_0, 0;
    %jmp T_12.1;
T_12.0 ;
    %load/vec4 v000002abe1bc9390_0;
    %assign/vec4 v000002abe1bc9b10_0, 0;
    %load/vec4 v000002abe1bcb8a0_0;
    %flag_set/vec4 8;
    %jmp/0xz  T_12.2, 8;
    %load/vec4 v000002abe1bc9b10_0;
    %cmpi/e 0, 0, 2;
    %jmp/0xz  T_12.4, 4;
    %load/vec4 v000002abe1bc8e90_0;
    %assign/vec4 v000002abe1bc9ed0_0, 0;
    %jmp T_12.5;
T_12.4 ;
    %load/vec4 v000002abe1bc9b10_0;
    %cmpi/e 1, 0, 2;
    %jmp/0xz  T_12.6, 4;
    %load/vec4 v000002abe1bc8e90_0;
    %assign/vec4 v000002abe1bc9750_0, 0;
T_12.6 ;
T_12.5 ;
T_12.2 ;
T_12.1 ;
    %jmp T_12;
    .thread T_12;
    .scope S_000002abe1ac6d80;
T_13 ;
    %wait E_000002abe1b5eb20;
    %load/vec4 v000002abe1bc9b10_0;
    %store/vec4 v000002abe1bc9390_0, 0, 2;
    %load/vec4 v000002abe1bc9b10_0;
    %dup/vec4;
    %pushi/vec4 0, 0, 2;
    %cmp/u;
    %jmp/1 T_13.0, 6;
    %dup/vec4;
    %pushi/vec4 1, 0, 2;
    %cmp/u;
    %jmp/1 T_13.1, 6;
    %dup/vec4;
    %pushi/vec4 2, 0, 2;
    %cmp/u;
    %jmp/1 T_13.2, 6;
    %pushi/vec4 0, 0, 2;
    %store/vec4 v000002abe1bc9390_0, 0, 2;
    %jmp T_13.4;
T_13.0 ;
    %load/vec4 v000002abe1bcb8a0_0;
    %flag_set/vec4 8;
    %jmp/0xz  T_13.5, 8;
    %pushi/vec4 1, 0, 2;
    %store/vec4 v000002abe1bc9390_0, 0, 2;
T_13.5 ;
    %jmp T_13.4;
T_13.1 ;
    %load/vec4 v000002abe1bcb8a0_0;
    %flag_set/vec4 8;
    %jmp/0xz  T_13.7, 8;
    %pushi/vec4 2, 0, 2;
    %store/vec4 v000002abe1bc9390_0, 0, 2;
T_13.7 ;
    %jmp T_13.4;
T_13.2 ;
    %pushi/vec4 2, 0, 2;
    %store/vec4 v000002abe1bc9390_0, 0, 2;
    %jmp T_13.4;
T_13.4 ;
    %pop/vec4 1;
    %jmp T_13;
    .thread T_13, $push;
    .scope S_000002abe1ac6d80;
T_14 ;
    %wait E_000002abe1b5f720;
    %load/vec4 v000002abe1bc9b10_0;
    %dup/vec4;
    %pushi/vec4 0, 0, 2;
    %cmp/u;
    %jmp/1 T_14.0, 6;
    %dup/vec4;
    %pushi/vec4 1, 0, 2;
    %cmp/u;
    %jmp/1 T_14.1, 6;
    %dup/vec4;
    %pushi/vec4 2, 0, 2;
    %cmp/u;
    %jmp/1 T_14.2, 6;
    %pushi/vec4 0, 0, 16;
    %split/vec4 4;
    %store/vec4 v000002abe1bc9cf0_0, 0, 4;
    %split/vec4 4;
    %store/vec4 v000002abe1bc8df0_0, 0, 4;
    %split/vec4 4;
    %store/vec4 v000002abe1bca150_0, 0, 4;
    %store/vec4 v000002abe1bc9e30_0, 0, 4;
    %jmp T_14.4;
T_14.0 ;
    %pushi/vec4 0, 0, 4;
    %store/vec4 v000002abe1bc9e30_0, 0, 4;
    %pushi/vec4 0, 0, 4;
    %store/vec4 v000002abe1bca150_0, 0, 4;
    %pushi/vec4 0, 0, 4;
    %store/vec4 v000002abe1bc8df0_0, 0, 4;
    %pushi/vec4 0, 0, 4;
    %store/vec4 v000002abe1bc9cf0_0, 0, 4;
    %jmp T_14.4;
T_14.1 ;
    %pushi/vec4 10, 0, 4;
    %store/vec4 v000002abe1bc9e30_0, 0, 4;
    %load/vec4 v000002abe1bc9ed0_0;
    %store/vec4 v000002abe1bca150_0, 0, 4;
    %pushi/vec4 0, 0, 4;
    %store/vec4 v000002abe1bc8df0_0, 0, 4;
    %pushi/vec4 0, 0, 4;
    %store/vec4 v000002abe1bc9cf0_0, 0, 4;
    %jmp T_14.4;
T_14.2 ;
    %pushi/vec4 0, 0, 3;
    %load/vec4 v000002abe1bc9bb0_0;
    %parti/s 1, 4, 4;
    %concat/vec4; draw_concat_vec4
    %store/vec4 v000002abe1bc9e30_0, 0, 4;
    %load/vec4 v000002abe1bc9bb0_0;
    %parti/s 4, 0, 2;
    %store/vec4 v000002abe1bca150_0, 0, 4;
    %load/vec4 v000002abe1bc9ed0_0;
    %store/vec4 v000002abe1bc8df0_0, 0, 4;
    %load/vec4 v000002abe1bc9750_0;
    %store/vec4 v000002abe1bc9cf0_0, 0, 4;
    %jmp T_14.4;
T_14.4 ;
    %pop/vec4 1;
    %jmp T_14;
    .thread T_14, $push;
    .scope S_000002abe1b21a80;
T_15 ;
    %pushi/vec4 0, 0, 32;
    %store/vec4 v000002abe1bcb1c0_0, 0, 32;
    %pushi/vec4 0, 0, 32;
    %store/vec4 v000002abe1bcbc60_0, 0, 32;
    %pushi/vec4 0, 0, 32;
    %store/vec4 v000002abe1bcb300_0, 0, 32;
    %pushi/vec4 0, 0, 32;
    %store/vec4 v000002abe1bcb080_0, 0, 32;
    %pushi/vec4 0, 0, 32;
    %store/vec4 v000002abe1bcb6c0_0, 0, 32;
    %end;
    .thread T_15, $init;
    .scope S_000002abe1b21a80;
T_16 ;
    %delay 1850, 0;
    %load/vec4 v000002abe1bcb260_0;
    %inv;
    %store/vec4 v000002abe1bcb260_0, 0, 1;
    %jmp T_16;
    .thread T_16;
    .scope S_000002abe1b21a80;
T_17 ;
Ewait_0 .event/or E_000002abe1b5f320, E_0x0;
    %wait Ewait_0;
    %pushi/vec4 0, 0, 4;
    %store/vec4 v000002abe1bcb620_0, 0, 4;
    %load/vec4 v000002abe1bcb1c0_0;
    %cmpi/ne 0, 0, 32;
    %jmp/0xz  T_17.0, 4;
    %load/vec4 v000002abe1bca680_0;
    %load/vec4 v000002abe1bcbc60_0;
    %part/s 1;
    %cmpi/e 1, 0, 1;
    %jmp/0xz  T_17.2, 4;
    %pushi/vec4 1, 0, 1;
    %ix/getv/s 4, v000002abe1bcb300_0;
    %store/vec4 v000002abe1bcb620_0, 4, 1;
T_17.2 ;
T_17.0 ;
    %jmp T_17;
    .thread T_17, $push;
    .scope S_000002abe1b21a80;
T_18 ;
    %pushi/vec4 0, 0, 1;
    %store/vec4 v000002abe1bcb260_0, 0, 1;
    %pushi/vec4 0, 0, 1;
    %store/vec4 v000002abe1bcb580_0, 0, 1;
    %delay 10000, 0;
    %pushi/vec4 1, 0, 1;
    %store/vec4 v000002abe1bcb580_0, 0, 1;
    %delay 100000, 0;
    %vpi_call/w 3 90 "$display", "========================================" {0 0 0};
    %vpi_call/w 3 91 "$display", " INICIANDO TESTBENCH EXHAUSTIVO" {0 0 0};
    %vpi_call/w 3 92 "$display", " (Esto tomara un par de segundos...)" {0 0 0};
    %vpi_call/w 3 93 "$display", "========================================" {0 0 0};
    %fork t_1, S_000002abe1b21c10;
    %jmp t_0;
    .scope S_000002abe1b21c10;
t_1 ;
    %pushi/vec4 0, 0, 32;
    %store/vec4 v000002abe1b6ada0_0, 0, 32;
T_18.0 ;
    %load/vec4 v000002abe1b6ada0_0;
    %cmpi/s 4, 0, 32;
    %jmp/0xz T_18.1, 5;
    %fork t_3, S_000002abe1b359d0;
    %jmp t_2;
    .scope S_000002abe1b359d0;
t_3 ;
    %pushi/vec4 0, 0, 32;
    %store/vec4 v000002abe1b6b020_0, 0, 32;
T_18.2 ;
    %load/vec4 v000002abe1b6b020_0;
    %cmpi/s 4, 0, 32;
    %jmp/0xz T_18.3, 5;
    %fork t_5, S_000002abe1b35b60;
    %jmp t_4;
    .scope S_000002abe1b35b60;
t_5 ;
    %pushi/vec4 0, 0, 32;
    %store/vec4 v000002abe1b6ad00_0, 0, 32;
T_18.4 ;
    %load/vec4 v000002abe1b6ad00_0;
    %cmpi/s 4, 0, 32;
    %jmp/0xz T_18.5, 5;
    %fork t_7, S_000002abe1b41f70;
    %jmp t_6;
    .scope S_000002abe1b41f70;
t_7 ;
    %pushi/vec4 0, 0, 32;
    %store/vec4 v000002abe1b6b160_0, 0, 32;
T_18.6 ;
    %load/vec4 v000002abe1b6b160_0;
    %cmpi/s 4, 0, 32;
    %jmp/0xz T_18.7, 5;
    %pushi/vec4 0, 0, 1;
    %store/vec4 v000002abe1bcb580_0, 0, 1;
    %delay 10000, 0;
    %pushi/vec4 1, 0, 1;
    %store/vec4 v000002abe1bcb580_0, 0, 1;
    %delay 100000, 0;
    %load/vec4 v000002abe1b6ada0_0;
    %store/vec4 v000002abe1b6aee0_0, 0, 32;
    %load/vec4 v000002abe1b6b020_0;
    %store/vec4 v000002abe1b6b5c0_0, 0, 32;
    %fork TD_calcu_tb.press_key, S_000002abe1ac6bf0;
    %join;
    %load/vec4 v000002abe1b6ad00_0;
    %store/vec4 v000002abe1b6aee0_0, 0, 32;
    %load/vec4 v000002abe1b6b160_0;
    %store/vec4 v000002abe1b6b5c0_0, 0, 32;
    %fork TD_calcu_tb.press_key, S_000002abe1ac6bf0;
    %join;
    %delay 10000000, 0;
    %load/vec4 v000002abe1b6ada0_0;
    %load/vec4 v000002abe1b6b020_0;
    %store/vec4 v000002abe1b6b3e0_0, 0, 32;
    %store/vec4 v000002abe1b6ab20_0, 0, 32;
    %callf/vec4 TD_calcu_tb.get_hex, S_000002abe1b42100;
    %pad/u 5;
    %load/vec4 v000002abe1b6ad00_0;
    %load/vec4 v000002abe1b6b160_0;
    %store/vec4 v000002abe1b6b3e0_0, 0, 32;
    %store/vec4 v000002abe1b6ab20_0, 0, 32;
    %callf/vec4 TD_calcu_tb.get_hex, S_000002abe1b42100;
    %pad/u 5;
    %add;
    %store/vec4 v000002abe1bcaa40_0, 0, 5;
    %load/vec4 v000002abe1bc9bb0_0;
    %load/vec4 v000002abe1bcaa40_0;
    %cmp/ne;
    %jmp/0xz  T_18.8, 6;
    %load/vec4 v000002abe1bcb080_0;
    %cmpi/e 0, 0, 32;
    %jmp/0xz  T_18.10, 4;
    %vpi_call/w 3 112 "$display", " [FALLO] Presionando teclas (%0d,%0d) y (%0d,%0d)", v000002abe1b6ada0_0, v000002abe1b6b020_0, v000002abe1b6ad00_0, v000002abe1b6b160_0 {0 0 0};
    %vpi_call/w 3 113 "$display", " Esperado: %0h, Obtenido de la FPGA: %0h", v000002abe1bcaa40_0, v000002abe1bc9bb0_0 {0 0 0};
T_18.10 ;
    ; show_stmt_assign_vector: Get l-value for compressed += operand
    %load/vec4 v000002abe1bcb080_0;
    %pushi/vec4 1, 0, 32;
    %add;
    %cast2;
    %store/vec4 v000002abe1bcb080_0, 0, 32;
T_18.8 ;
    ; show_stmt_assign_vector: Get l-value for compressed += operand
    %load/vec4 v000002abe1bcb6c0_0;
    %pushi/vec4 1, 0, 32;
    %add;
    %cast2;
    %store/vec4 v000002abe1bcb6c0_0, 0, 32;
    ; show_stmt_assign_vector: Get l-value for compressed += operand
    %load/vec4 v000002abe1b6b160_0;
    %pushi/vec4 1, 0, 32;
    %add;
    %cast2;
    %store/vec4 v000002abe1b6b160_0, 0, 32;
    %jmp T_18.6;
T_18.7 ;
    %end;
    .scope S_000002abe1b35b60;
t_6 %join;
    ; show_stmt_assign_vector: Get l-value for compressed += operand
    %load/vec4 v000002abe1b6ad00_0;
    %pushi/vec4 1, 0, 32;
    %add;
    %cast2;
    %store/vec4 v000002abe1b6ad00_0, 0, 32;
    %jmp T_18.4;
T_18.5 ;
    %end;
    .scope S_000002abe1b359d0;
t_4 %join;
    ; show_stmt_assign_vector: Get l-value for compressed += operand
    %load/vec4 v000002abe1b6b020_0;
    %pushi/vec4 1, 0, 32;
    %add;
    %cast2;
    %store/vec4 v000002abe1b6b020_0, 0, 32;
    %jmp T_18.2;
T_18.3 ;
    %end;
    .scope S_000002abe1b21c10;
t_2 %join;
    ; show_stmt_assign_vector: Get l-value for compressed += operand
    %load/vec4 v000002abe1b6ada0_0;
    %pushi/vec4 1, 0, 32;
    %add;
    %cast2;
    %store/vec4 v000002abe1b6ada0_0, 0, 32;
    %jmp T_18.0;
T_18.1 ;
    %end;
    .scope S_000002abe1b21a80;
t_0 %join;
    %vpi_call/w 3 124 "$display", "========================================" {0 0 0};
    %vpi_call/w 3 125 "$display", "      REPORTE FINAL DE SIMULACION       " {0 0 0};
    %vpi_call/w 3 126 "$display", "========================================" {0 0 0};
    %vpi_call/w 3 127 "$display", " Pruebas realizadas: %0d / 256", v000002abe1bcb6c0_0 {0 0 0};
    %vpi_call/w 3 128 "$display", " Total de errores:   %0d", v000002abe1bcb080_0 {0 0 0};
    %vpi_call/w 3 131 "$finish" {0 0 0};
    %end;
    .thread T_18;
# The file index is used to find the file name in the following table.
:file_names 7;
    "N/A";
    "<interactive>";
    "-";
    "sim/calcu_tb.sv";
    "design/top.sv";
    "design/display.sv";
    "design/teclado.sv";
